Using pre-set license
Built from '2020.3/staging' branch; Version is '2020.3.26f1 (7298b473bc1a) revision 7510196'; Using compiler version '192528614'; Build Type 'Release'
OS: 'Windows 10  (10.0.19043) 64bit Professional' Language: 'en' Physical Memory: 24545 MB
BatchMode: 1, IsHumanControllingUs: 0, StartBugReporterOnCrash: 0, Is64bit: 1, IsPro: 0

COMMAND LINE ARGUMENTS:
C:\Program Files\Unity\Hub\Editor\2020.3.26f1\Editor\Unity.exe
-adb2
-batchMode
-noUpm
-name
AssetImportWorker0
-projectPath
C:/Users/Brandon/Documents/GitHub/ActionRPG
-logFile
Logs/AssetImportWorker0.log
-srvPort
59410
Successfully changed project path to: C:/Users/Brandon/Documents/GitHub/ActionRPG
C:/Users/Brandon/Documents/GitHub/ActionRPG
Using Asset Import Pipeline V2.
Unable to join player connection multicast group.
Unable to join player connection alternative multicast group.
Refreshing native plugins compatible for Editor in 265.52 ms, found 2 plugins.
Preloading 0 native plugins for Editor in 0.00 ms.
Initialize engine version: 2020.3.26f1 (7298b473bc1a)
[Subsystems] Discovering subsystems at path C:/Program Files/Unity/Hub/Editor/2020.3.26f1/Editor/Data/Resources/UnitySubsystems
[Subsystems] Discovering subsystems at path C:/Users/Brandon/Documents/GitHub/ActionRPG/Assets
GfxDevice: creating device client; threaded=0
Direct3D:
    Version:  Direct3D 11.0 [level 11.1]
    Renderer: NVIDIA GeForce GTX 1050 Ti (ID=0x1c82)
    Vendor:   
    VRAM:     4018 MB
    Driver:   30.0.15.1179
Initialize mono
Mono path[0] = 'C:/Program Files/Unity/Hub/Editor/2020.3.26f1/Editor/Data/Managed'
Mono path[1] = 'C:/Program Files/Unity/Hub/Editor/2020.3.26f1/Editor/Data/MonoBleedingEdge/lib/mono/unityjit'
Mono config path = 'C:/Program Files/Unity/Hub/Editor/2020.3.26f1/Editor/Data/MonoBleedingEdge/etc'
Using monoOptions --debugger-agent=transport=dt_socket,embedding=1,server=y,suspend=n,address=127.0.0.1:56940
Begin MonoManager ReloadAssembly
Registering precompiled unity dll's ...
Register platform support module: C:/Program Files/Unity/Hub/Editor/2020.3.26f1/Editor/Data/PlaybackEngines/WindowsStandaloneSupport/UnityEditor.WindowsStandalone.Extensions.dll
Registered in 0.004836 seconds.
Native extension for WindowsStandalone target not found
Refreshing native plugins compatible for Editor in 267.01 ms, found 2 plugins.
Preloading 0 native plugins for Editor in 0.00 ms.
Mono: successfully reloaded assembly
- Completed reload, in  2.476 seconds
Domain Reload Profiling:
	ReloadAssembly (2477ms)
		BeginReloadAssembly (205ms)
			ExecutionOrderSort (0ms)
			DisableScriptedObjects (0ms)
			BackupInstance (0ms)
			ReleaseScriptingObjects (0ms)
			CreateAndSetChildDomain (2ms)
		EndReloadAssembly (1957ms)
			LoadAssemblies (198ms)
			RebuildTransferFunctionScriptingTraits (0ms)
			SetupTypeCache (618ms)
			ReleaseScriptCaches (0ms)
			RebuildScriptCaches (198ms)
			SetupLoadedEditorAssemblies (781ms)
				LogAssemblyErrors (0ms)
				InitializePlatformSupportModulesInManaged (14ms)
				SetLoadedEditorAssemblies (1ms)
				RefreshPlugins (267ms)
				BeforeProcessingInitializeOnLoad (61ms)
				ProcessInitializeOnLoadAttributes (317ms)
				ProcessInitializeOnLoadMethodAttributes (120ms)
				AfterProcessingInitializeOnLoad (0ms)
				EditorAssembliesLoaded (1ms)
			ExecutionOrderSort2 (0ms)
			AwakeInstancesAfterBackupRestoration (0ms)
Platform modules already initialized, skipping
Registering precompiled user dll's ...
Registered in 0.016833 seconds.
Begin MonoManager ReloadAssembly
Native extension for WindowsStandalone target not found
Refreshing native plugins compatible for Editor in 1.52 ms, found 2 plugins.
Preloading 0 native plugins for Editor in 0.00 ms.
Mono: successfully reloaded assembly
- Completed reload, in  4.715 seconds
Domain Reload Profiling:
	ReloadAssembly (4718ms)
		BeginReloadAssembly (948ms)
			ExecutionOrderSort (0ms)
			DisableScriptedObjects (20ms)
			BackupInstance (0ms)
			ReleaseScriptingObjects (0ms)
			CreateAndSetChildDomain (79ms)
		EndReloadAssembly (3421ms)
			LoadAssemblies (455ms)
			RebuildTransferFunctionScriptingTraits (1ms)
			SetupTypeCache (1364ms)
			ReleaseScriptCaches (1ms)
			RebuildScriptCaches (176ms)
			SetupLoadedEditorAssemblies (1210ms)
				LogAssemblyErrors (0ms)
				InitializePlatformSupportModulesInManaged (12ms)
				SetLoadedEditorAssemblies (2ms)
				RefreshPlugins (2ms)
				BeforeProcessingInitializeOnLoad (239ms)
				ProcessInitializeOnLoadAttributes (615ms)
				ProcessInitializeOnLoadMethodAttributes (318ms)
				AfterProcessingInitializeOnLoad (21ms)
				EditorAssembliesLoaded (1ms)
			ExecutionOrderSort2 (0ms)
			AwakeInstancesAfterBackupRestoration (18ms)
Platform modules already initialized, skipping
========================================================================
Worker process is ready to serve import requests
Launched and connected shader compiler UnityShaderCompiler.exe after 0.20 seconds
Refreshing native plugins compatible for Editor in 1.64 ms, found 2 plugins.
Preloading 0 native plugins for Editor in 0.00 ms.
Unloading 1840 Unused Serialized files (Serialized files now loaded: 0)
System memory in use before: 108.9 MB.
System memory in use after: 109.0 MB.

Unloading 23 unused Assets to reduce memory usage. Loaded Objects now: 2304.
Total: 32.993300 ms (FindLiveObjects: 13.196500 ms CreateObjectMapping: 0.340900 ms MarkObjects: 19.219300 ms  DeleteObjects: 0.234000 ms)

AssetImportParameters requested are different than current active one (requested -> active):
  custom:framework-win-MediaFoundation: 216162199b28c13a410421893ffa2e32 -> 
  custom:video-decoder-ogg-theora: a1e56fd34408186e4bbccfd4996cb3dc -> 
  custom:container-muxer-webm: aa71ff27fc2769a1b78a27578f13a17b -> 
  custom:container-demuxer-webm: 4f35f7cbe854078d1ac9338744f61a02 -> 
  custom:container-demuxer-ogg: 62fdf1f143b41e24485cea50d1cbac27 -> 
  custom:video-encoder-webm-vp8: eb34c28f22e8b96e1ab97ce403110664 -> 
  custom:video-decoder-webm-vp8: 9c59270c3fd7afecdb556c50c9e8de78 -> 
  custom:audio-decoder-ogg-vorbis: bf7c407c2cedff20999df2af8eb42d56 -> 
  custom:audio-encoder-webm-vorbis: bf7c407c2cedff20999df2af8eb42d56 -> 
========================================================================
Received Import Request.
  path: Assets/Blink/Tools/RPGBuilder/NPCs/Prefabs
  artifactKey: Guid(de4534d63264c6c449f95d39069fcd0b) Importer(815301076,1909f56bfc062723c751e8b465ee728b)
Start importing Assets/Blink/Tools/RPGBuilder/NPCs/Prefabs using Guid(de4534d63264c6c449f95d39069fcd0b) Importer(815301076,1909f56bfc062723c751e8b465ee728b)  -> (artifact id: '25dff30fe7781828a715e4e9472af32b') in 0.048541 seconds 
  Import took 0.065180 seconds .

========================================================================
Received Import Request.
  Time since last request: 11.881586 seconds.
  path: Assets/Blink/Tools/RPGBuilder/NPCs/NPCEmptyAnimationClips
  artifactKey: Guid(5c404befc500c3d4db575acaf133789a) Importer(815301076,1909f56bfc062723c751e8b465ee728b)
Start importing Assets/Blink/Tools/RPGBuilder/NPCs/NPCEmptyAnimationClips using Guid(5c404befc500c3d4db575acaf133789a) Importer(815301076,1909f56bfc062723c751e8b465ee728b)  -> (artifact id: 'f4780758ced05576d4c44f83aeaca9e2') in 0.015338 seconds 
  Import took 0.022332 seconds .

========================================================================
Received Prepare
Refreshing native plugins compatible for Editor in 12.64 ms, found 2 plugins.
Preloading 0 native plugins for Editor in 0.00 ms.
Unloading 12 Unused Serialized files (Serialized files now loaded: 0)
System memory in use before: 69.1 MB.
System memory in use after: 69.3 MB.

Unloading 12 unused Assets to reduce memory usage. Loaded Objects now: 2304.
Total: 9.189700 ms (FindLiveObjects: 0.400500 ms CreateObjectMapping: 0.124800 ms MarkObjects: 8.631600 ms  DeleteObjects: 0.030400 ms)

AssetImportParameters requested are different than current active one (requested -> active):
  custom:framework-win-MediaFoundation: 216162199b28c13a410421893ffa2e32 -> 
  custom:video-decoder-ogg-theora: a1e56fd34408186e4bbccfd4996cb3dc -> 
  custom:container-muxer-webm: aa71ff27fc2769a1b78a27578f13a17b -> 
  custom:container-demuxer-webm: 4f35f7cbe854078d1ac9338744f61a02 -> 
  custom:container-demuxer-ogg: 62fdf1f143b41e24485cea50d1cbac27 -> 
  custom:video-encoder-webm-vp8: eb34c28f22e8b96e1ab97ce403110664 -> 
  custom:video-decoder-webm-vp8: 9c59270c3fd7afecdb556c50c9e8de78 -> 
  custom:audio-decoder-ogg-vorbis: bf7c407c2cedff20999df2af8eb42d56 -> 
  custom:audio-encoder-webm-vorbis: bf7c407c2cedff20999df2af8eb42d56 -> 
========================================================================
Received Import Request.
  Time since last request: 217.806063 seconds.
  path: Assets/Blink/Tools/RPGBuilder/Resources/Database/DialoguesExternalData/RPG_DIALOGUE_PickupNoviceWeapons_GRAPH.asset
  artifactKey: Guid(4fedb9497ed52e045a81490a54f048c0) Importer(815301076,1909f56bfc062723c751e8b465ee728b)
Start importing Assets/Blink/Tools/RPGBuilder/Resources/Database/DialoguesExternalData/RPG_DIALOGUE_PickupNoviceWeapons_GRAPH.asset using Guid(4fedb9497ed52e045a81490a54f048c0) Importer(815301076,1909f56bfc062723c751e8b465ee728b)  -> (artifact id: '9189bff917c6ccca08286608fd4d9711') in 0.182899 seconds 
  Import took 0.191337 seconds .

========================================================================
Received Import Request.
  Time since last request: 11.607705 seconds.
  path: Assets/Blink/Tools/RPGBuilder/Resources/Database/DialoguesExternalData/RPG_DIALOGUE_PickupNoviceWeapons_GRAPH.asset
  artifactKey: Guid(4fedb9497ed52e045a81490a54f048c0) Importer(815301076,1909f56bfc062723c751e8b465ee728b)
Start importing Assets/Blink/Tools/RPGBuilder/Resources/Database/DialoguesExternalData/RPG_DIALOGUE_PickupNoviceWeapons_GRAPH.asset using Guid(4fedb9497ed52e045a81490a54f048c0) Importer(815301076,1909f56bfc062723c751e8b465ee728b)  -> (artifact id: '91128947cf6b4a7ad54b5a134959d801') in 0.020034 seconds 
  Import took 0.029795 seconds .

========================================================================
Received Import Request.
  Time since last request: 24.242924 seconds.
  path: Assets/Blink/Tools/RPGBuilder/Resources/Database/DialoguesExternalData/RPG_DIALOGUE_PickupNoviceWeapons_GRAPH.asset
  artifactKey: Guid(4fedb9497ed52e045a81490a54f048c0) Importer(815301076,1909f56bfc062723c751e8b465ee728b)
Start importing Assets/Blink/Tools/RPGBuilder/Resources/Database/DialoguesExternalData/RPG_DIALOGUE_PickupNoviceWeapons_GRAPH.asset using Guid(4fedb9497ed52e045a81490a54f048c0) Importer(815301076,1909f56bfc062723c751e8b465ee728b)  -> (artifact id: 'd23a55fa573da8cf42de2248e28aa914') in 0.022855 seconds 
  Import took 0.028246 seconds .

========================================================================
Received Import Request.
  Time since last request: 0.200169 seconds.
  path: Assets/Blink/Tools/RPGBuilder/Resources/Database/DialoguesExternalData/RPG_DIALOGUE_PickupNoviceWeapons_GRAPH.asset
  artifactKey: Guid(4fedb9497ed52e045a81490a54f048c0) Importer(815301076,1909f56bfc062723c751e8b465ee728b)
Start importing Assets/Blink/Tools/RPGBuilder/Resources/Database/DialoguesExternalData/RPG_DIALOGUE_PickupNoviceWeapons_GRAPH.asset using Guid(4fedb9497ed52e045a81490a54f048c0) Importer(815301076,1909f56bfc062723c751e8b465ee728b)  -> (artifact id: '7da1ec53189ad86b557c802f5418cc26') in 0.013895 seconds 
  Import took 0.020549 seconds .

AssetImportWorkerClient::OnTransportError - code=2 error=End of file
